app/build/intermediates/manifest_merge_blame_file/debug/manifest-merger-blame-debug-report.txt
1<?xml version="1.0" encoding="utf-8"?>
2<manifest xmlns:android="http://schemas.android.com/apk/res/android"
3    package="com.whisper.android.tflitecpp"
4    android:versionCode="3"
5    android:versionName="1.0" >
6
7    <uses-sdk
8        android:minSdkVersion="29"
8-->src/main/AndroidManifest.xml
9        android:targetSdkVersion="31" />
9-->src/main/AndroidManifest.xml
10
11    <uses-permission android:name="android.permission.RECORD_AUDIO" />
11-->src/main/AndroidManifest.xml:8:5-71
11-->src/main/AndroidManifest.xml:8:22-68
12
13    <application
13-->src/main/AndroidManifest.xml:9:5-26:19
14        android:allowBackup="true"
14-->src/main/AndroidManifest.xml:10:9-35
15        android:appComponentFactory="androidx.core.app.CoreComponentFactory"
15-->[androidx.core:core:1.3.1] AndroidManifest.xml:24:18-86
16        android:debuggable="true"
17        android:extractNativeLibs="false"
18        android:icon="@mipmap/ic_launcher"
18-->src/main/AndroidManifest.xml:11:9-43
19        android:label="@string/app_name"
19-->src/main/AndroidManifest.xml:12:9-41
20        android:roundIcon="@mipmap/ic_launcher_round"
20-->src/main/AndroidManifest.xml:13:9-54
21        android:supportsRtl="true"
21-->src/main/AndroidManifest.xml:14:9-35
22        android:theme="@style/Theme.TemplateTFLiteCxx" >
22-->src/main/AndroidManifest.xml:15:9-55
23        <activity
23-->src/main/AndroidManifest.xml:16:9-25:20
24            android:name="com.whisper.android.tflitecpp.MainActivity"
24-->src/main/AndroidManifest.xml:17:13-41
25            android:exported="true" >
25-->src/main/AndroidManifest.xml:18:13-36
26            <intent-filter>
26-->src/main/AndroidManifest.xml:19:13-24:29
27                <action android:name="android.intent.action.MAIN" />
27-->src/main/AndroidManifest.xml:20:17-69
27-->src/main/AndroidManifest.xml:20:25-66
28
29                <category android:name="android.intent.category.LAUNCHER" />
29-->src/main/AndroidManifest.xml:22:17-77
29-->src/main/AndroidManifest.xml:22:27-74
30            </intent-filter>
31        </activity>
32    </application>
33
34</manifest>